2015/08/11 21:47:00 [error] 5#0: *3 FastCGI sent in stderr: "PHP message: PHP Fatal error:  Uncaught exception 'UnexpectedValueException' with message 'The stream or file "/var/www/notification/app/logs/prod.log" could not be opened: failed to open stream: Permission denied' in /var/www/notification/app/cache/prod/classes.php:5688
Stack trace:
#0 /var/www/notification/app/cache/prod/classes.php(5628): Monolog\Handler\StreamHandler->write(Array)
#1 /var/www/notification/app/cache/prod/classes.php(6123): Monolog\Handler\AbstractProcessingHandler->handle(Array)
#2 /var/www/notification/app/cache/prod/classes.php(6192): Monolog\Logger->addRecord(500, 'Uncaught Except...', Array)
#3 /var/www/notification/app/cache/prod/classes.php(1963): Monolog\Logger->log('critical', 'Uncaught Except...', Array)
#4 [internal function]: Symfony\Component\Debug\ErrorHandler->handleException(Object(UnexpectedValueException))
#5 {main}
  thrown in /var/www/notification/app/cache/prod/classes.php on line 5688
PHP message: PHP Fatal error:  Uncaught exception 'UnexpectedValueException' with message 'The stream or file "/var/www/notification/app/logs/prod.log" could not be opened: failed to open stream: Permission denied' in /var/www/notification/app/cache/prod/classes.php:5688
Stack trace:
#0 /var/www/notification/app/cache/prod/classes.php(5628): Monolog\Handler\StreamHandler->write(Array)
#1 /var/www/notification/app/cache/prod/classes.php(6123): Monolog\Handler\AbstractProcessingHandler->handle(Array)
#2 /var/www/notification/app/cache/prod/classes.php(6192): Monolog\Logger->addRecord(500, 'Fatal Error: Un...', Array)
#3 /var/www/notification/app/cache/prod/classes.php(1963): Monolog\Logger->log('critical', 'Fatal Error: Un...', Array)
#4 /var/www/notification/app/cache/prod/classes.php(2015): Symfony\Component\Debug\ErrorHandler->handleException(Object(Symfony\Component\Debug\Exception\FatalErrorException), Array)
#5 [internal function]: Symfony\Component\Debug\ErrorHandler::handleFatalError()
#6 {main}
  t" while reading response he
2015/08/11 21:48:39 [error] 5#0: *3 FastCGI sent in stderr: "PHP message: PHP Fatal error:  Uncaught exception 'UnexpectedValueException' with message 'The stream or file "/var/www/notification/app/logs/prod.log" could not be opened: failed to open stream: Permission denied' in /var/www/notification/app/cache/prod/classes.php:5688
Stack trace:
#0 /var/www/notification/app/cache/prod/classes.php(5628): Monolog\Handler\StreamHandler->write(Array)
#1 /var/www/notification/app/cache/prod/classes.php(6123): Monolog\Handler\AbstractProcessingHandler->handle(Array)
#2 /var/www/notification/app/cache/prod/classes.php(6192): Monolog\Logger->addRecord(500, 'Uncaught Except...', Array)
#3 /var/www/notification/app/cache/prod/classes.php(1963): Monolog\Logger->log('critical', 'Uncaught Except...', Array)
#4 [internal function]: Symfony\Component\Debug\ErrorHandler->handleException(Object(UnexpectedValueException))
#5 {main}
  thrown in /var/www/notification/app/cache/prod/classes.php on line 5688
PHP message: PHP Fatal error:  Uncaught exception 'UnexpectedValueException' with message 'The stream or file "/var/www/notification/app/logs/prod.log" could not be opened: failed to open stream: Permission denied' in /var/www/notification/app/cache/prod/classes.php:5688
Stack trace:
#0 /var/www/notification/app/cache/prod/classes.php(5628): Monolog\Handler\StreamHandler->write(Array)
#1 /var/www/notification/app/cache/prod/classes.php(6123): Monolog\Handler\AbstractProcessingHandler->handle(Array)
#2 /var/www/notification/app/cache/prod/classes.php(6192): Monolog\Logger->addRecord(500, 'Fatal Error: Un...', Array)
#3 /var/www/notification/app/cache/prod/classes.php(1963): Monolog\Logger->log('critical', 'Fatal Error: Un...', Array)
#4 /var/www/notification/app/cache/prod/classes.php(2015): Symfony\Component\Debug\ErrorHandler->handleException(Object(Symfony\Component\Debug\Exception\FatalErrorException), Array)
#5 [internal function]: Symfony\Component\Debug\ErrorHandler::handleFatalError()
#6 {main}
  t" while reading response he
2015/08/11 21:51:49 [error] 5#0: *3 FastCGI sent in stderr: "PHP message: PHP Fatal error:  Uncaught exception 'UnexpectedValueException' with message 'The stream or file "/var/www/notification/app/logs/prod.log" could not be opened: failed to open stream: Permission denied' in /var/www/notification/app/cache/prod/classes.php:5688
Stack trace:
#0 /var/www/notification/app/cache/prod/classes.php(5628): Monolog\Handler\StreamHandler->write(Array)
#1 /var/www/notification/app/cache/prod/classes.php(6123): Monolog\Handler\AbstractProcessingHandler->handle(Array)
#2 /var/www/notification/app/cache/prod/classes.php(6192): Monolog\Logger->addRecord(500, 'Uncaught Except...', Array)
#3 /var/www/notification/app/cache/prod/classes.php(1963): Monolog\Logger->log('critical', 'Uncaught Except...', Array)
#4 [internal function]: Symfony\Component\Debug\ErrorHandler->handleException(Object(UnexpectedValueException))
#5 {main}
  thrown in /var/www/notification/app/cache/prod/classes.php on line 5688
PHP message: PHP Fatal error:  Uncaught exception 'UnexpectedValueException' with message 'The stream or file "/var/www/notification/app/logs/prod.log" could not be opened: failed to open stream: Permission denied' in /var/www/notification/app/cache/prod/classes.php:5688
Stack trace:
#0 /var/www/notification/app/cache/prod/classes.php(5628): Monolog\Handler\StreamHandler->write(Array)
#1 /var/www/notification/app/cache/prod/classes.php(6123): Monolog\Handler\AbstractProcessingHandler->handle(Array)
#2 /var/www/notification/app/cache/prod/classes.php(6192): Monolog\Logger->addRecord(500, 'Fatal Error: Un...', Array)
#3 /var/www/notification/app/cache/prod/classes.php(1963): Monolog\Logger->log('critical', 'Fatal Error: Un...', Array)
#4 /var/www/notification/app/cache/prod/classes.php(2015): Symfony\Component\Debug\ErrorHandler->handleException(Object(Symfony\Component\Debug\Exception\FatalErrorException), Array)
#5 [internal function]: Symfony\Component\Debug\ErrorHandler::handleFatalError()
#6 {main}
  t" while reading response he
2015/08/11 21:52:24 [error] 5#0: *3 FastCGI sent in stderr: "PHP message: PHP Fatal error:  Uncaught exception 'UnexpectedValueException' with message 'The stream or file "/var/www/notification/app/logs/prod.log" could not be opened: failed to open stream: Permission denied' in /var/www/notification/app/cache/prod/classes.php:5688
Stack trace:
#0 /var/www/notification/app/cache/prod/classes.php(5628): Monolog\Handler\StreamHandler->write(Array)
#1 /var/www/notification/app/cache/prod/classes.php(6123): Monolog\Handler\AbstractProcessingHandler->handle(Array)
#2 /var/www/notification/app/cache/prod/classes.php(6192): Monolog\Logger->addRecord(500, 'Uncaught Except...', Array)
#3 /var/www/notification/app/cache/prod/classes.php(1963): Monolog\Logger->log('critical', 'Uncaught Except...', Array)
#4 [internal function]: Symfony\Component\Debug\ErrorHandler->handleException(Object(UnexpectedValueException))
#5 {main}
  thrown in /var/www/notification/app/cache/prod/classes.php on line 5688
PHP message: PHP Fatal error:  Uncaught exception 'UnexpectedValueException' with message 'The stream or file "/var/www/notification/app/logs/prod.log" could not be opened: failed to open stream: Permission denied' in /var/www/notification/app/cache/prod/classes.php:5688
Stack trace:
#0 /var/www/notification/app/cache/prod/classes.php(5628): Monolog\Handler\StreamHandler->write(Array)
#1 /var/www/notification/app/cache/prod/classes.php(6123): Monolog\Handler\AbstractProcessingHandler->handle(Array)
#2 /var/www/notification/app/cache/prod/classes.php(6192): Monolog\Logger->addRecord(500, 'Fatal Error: Un...', Array)
#3 /var/www/notification/app/cache/prod/classes.php(1963): Monolog\Logger->log('critical', 'Fatal Error: Un...', Array)
#4 /var/www/notification/app/cache/prod/classes.php(2015): Symfony\Component\Debug\ErrorHandler->handleException(Object(Symfony\Component\Debug\Exception\FatalErrorException), Array)
#5 [internal function]: Symfony\Component\Debug\ErrorHandler::handleFatalError()
#6 {main}
  t" while reading response he
2015/08/11 21:53:42 [error] 5#0: *3 FastCGI sent in stderr: "PHP message: PHP Fatal error:  Uncaught exception 'UnexpectedValueException' with message 'The stream or file "/var/www/notification/app/logs/prod.log" could not be opened: failed to open stream: Permission denied' in /var/www/notification/app/cache/prod/classes.php:5688
Stack trace:
#0 /var/www/notification/app/cache/prod/classes.php(5628): Monolog\Handler\StreamHandler->write(Array)
#1 /var/www/notification/app/cache/prod/classes.php(6123): Monolog\Handler\AbstractProcessingHandler->handle(Array)
#2 /var/www/notification/app/cache/prod/classes.php(6192): Monolog\Logger->addRecord(500, 'Uncaught Except...', Array)
#3 /var/www/notification/app/cache/prod/classes.php(1963): Monolog\Logger->log('critical', 'Uncaught Except...', Array)
#4 [internal function]: Symfony\Component\Debug\ErrorHandler->handleException(Object(UnexpectedValueException))
#5 {main}
  thrown in /var/www/notification/app/cache/prod/classes.php on line 5688
PHP message: PHP Fatal error:  Uncaught exception 'UnexpectedValueException' with message 'The stream or file "/var/www/notification/app/logs/prod.log" could not be opened: failed to open stream: Permission denied' in /var/www/notification/app/cache/prod/classes.php:5688
Stack trace:
#0 /var/www/notification/app/cache/prod/classes.php(5628): Monolog\Handler\StreamHandler->write(Array)
#1 /var/www/notification/app/cache/prod/classes.php(6123): Monolog\Handler\AbstractProcessingHandler->handle(Array)
#2 /var/www/notification/app/cache/prod/classes.php(6192): Monolog\Logger->addRecord(500, 'Fatal Error: Un...', Array)
#3 /var/www/notification/app/cache/prod/classes.php(1963): Monolog\Logger->log('critical', 'Fatal Error: Un...', Array)
#4 /var/www/notification/app/cache/prod/classes.php(2015): Symfony\Component\Debug\ErrorHandler->handleException(Object(Symfony\Component\Debug\Exception\FatalErrorException), Array)
#5 [internal function]: Symfony\Component\Debug\ErrorHandler::handleFatalError()
#6 {main}
  t" while reading response he
2015/08/11 21:55:27 [error] 5#0: *3 FastCGI sent in stderr: "PHP message: PHP Fatal error:  Uncaught exception 'UnexpectedValueException' with message 'The stream or file "/var/www/notification/app/logs/prod.log" could not be opened: failed to open stream: Permission denied' in /var/www/notification/app/cache/prod/classes.php:5688
Stack trace:
#0 /var/www/notification/app/cache/prod/classes.php(5628): Monolog\Handler\StreamHandler->write(Array)
#1 /var/www/notification/app/cache/prod/classes.php(6123): Monolog\Handler\AbstractProcessingHandler->handle(Array)
#2 /var/www/notification/app/cache/prod/classes.php(6192): Monolog\Logger->addRecord(500, 'Uncaught Except...', Array)
#3 /var/www/notification/app/cache/prod/classes.php(1963): Monolog\Logger->log('critical', 'Uncaught Except...', Array)
#4 [internal function]: Symfony\Component\Debug\ErrorHandler->handleException(Object(UnexpectedValueException))
#5 {main}
  thrown in /var/www/notification/app/cache/prod/classes.php on line 5688
PHP message: PHP Fatal error:  Uncaught exception 'UnexpectedValueException' with message 'The stream or file "/var/www/notification/app/logs/prod.log" could not be opened: failed to open stream: Permission denied' in /var/www/notification/app/cache/prod/classes.php:5688
Stack trace:
#0 /var/www/notification/app/cache/prod/classes.php(5628): Monolog\Handler\StreamHandler->write(Array)
#1 /var/www/notification/app/cache/prod/classes.php(6123): Monolog\Handler\AbstractProcessingHandler->handle(Array)
#2 /var/www/notification/app/cache/prod/classes.php(6192): Monolog\Logger->addRecord(500, 'Fatal Error: Un...', Array)
#3 /var/www/notification/app/cache/prod/classes.php(1963): Monolog\Logger->log('critical', 'Fatal Error: Un...', Array)
#4 /var/www/notification/app/cache/prod/classes.php(2015): Symfony\Component\Debug\ErrorHandler->handleException(Object(Symfony\Component\Debug\Exception\FatalErrorException), Array)
#5 [internal function]: Symfony\Component\Debug\ErrorHandler::handleFatalError()
#6 {main}
  t" while reading response he
2015/08/11 22:00:45 [error] 5#0: *3 FastCGI sent in stderr: "PHP message: PHP Fatal error:  Uncaught exception 'UnexpectedValueException' with message 'The stream or file "/var/www/notification/app/logs/prod.log" could not be opened: failed to open stream: Permission denied' in /var/www/notification/app/cache/prod/classes.php:5688
Stack trace:
#0 /var/www/notification/app/cache/prod/classes.php(5628): Monolog\Handler\StreamHandler->write(Array)
#1 /var/www/notification/app/cache/prod/classes.php(6123): Monolog\Handler\AbstractProcessingHandler->handle(Array)
#2 /var/www/notification/app/cache/prod/classes.php(6192): Monolog\Logger->addRecord(500, 'Uncaught Except...', Array)
#3 /var/www/notification/app/cache/prod/classes.php(1963): Monolog\Logger->log('critical', 'Uncaught Except...', Array)
#4 [internal function]: Symfony\Component\Debug\ErrorHandler->handleException(Object(UnexpectedValueException))
#5 {main}
  thrown in /var/www/notification/app/cache/prod/classes.php on line 5688
PHP message: PHP Fatal error:  Uncaught exception 'UnexpectedValueException' with message 'The stream or file "/var/www/notification/app/logs/prod.log" could not be opened: failed to open stream: Permission denied' in /var/www/notification/app/cache/prod/classes.php:5688
Stack trace:
#0 /var/www/notification/app/cache/prod/classes.php(5628): Monolog\Handler\StreamHandler->write(Array)
#1 /var/www/notification/app/cache/prod/classes.php(6123): Monolog\Handler\AbstractProcessingHandler->handle(Array)
#2 /var/www/notification/app/cache/prod/classes.php(6192): Monolog\Logger->addRecord(500, 'Fatal Error: Un...', Array)
#3 /var/www/notification/app/cache/prod/classes.php(1963): Monolog\Logger->log('critical', 'Fatal Error: Un...', Array)
#4 /var/www/notification/app/cache/prod/classes.php(2015): Symfony\Component\Debug\ErrorHandler->handleException(Object(Symfony\Component\Debug\Exception\FatalErrorException), Array)
#5 [internal function]: Symfony\Component\Debug\ErrorHandler::handleFatalError()
#6 {main}
  t" while reading response he
