2015-08-11 21:46:53,573 CRIT Set uid to user 0
2015-08-11 21:46:53,574 WARN Included extra file "/etc/supervisor/conf.d/php.conf" during parsing
2015-08-11 21:46:53,574 WARN Included extra file "/etc/supervisor/conf.d/supervisord.conf" during parsing
2015-08-11 21:46:53,599 INFO RPC interface 'supervisor' initialized
2015-08-11 21:46:53,599 CRIT Server 'inet_http_server' running without any HTTP authentication checking
2015-08-11 21:46:53,599 INFO RPC interface 'supervisor' initialized
2015-08-11 21:46:53,599 CRIT Server 'unix_http_server' running without any HTTP authentication checking
2015-08-11 21:46:53,600 INFO supervisord started with pid 1
2015-08-11 21:46:54,603 INFO spawned: 'php-fpm' with pid 7
2015-08-11 21:46:55,695 INFO success: php-fpm entered RUNNING state, process has stayed up for > than 1 seconds (startsecs)
2015-08-11 21:48:07,747 WARN received SIGTERM indicating exit request
2015-08-11 21:48:07,748 INFO waiting for php-fpm to die
2015-08-11 21:48:07,768 INFO stopped: php-fpm (exit status 0)
2015-08-11 21:48:21,749 CRIT Set uid to user 0
2015-08-11 21:48:21,749 WARN Included extra file "/etc/supervisor/conf.d/php.conf" during parsing
2015-08-11 21:48:21,749 WARN Included extra file "/etc/supervisor/conf.d/supervisord.conf" during parsing
2015-08-11 21:48:21,775 INFO RPC interface 'supervisor' initialized
2015-08-11 21:48:21,775 CRIT Server 'inet_http_server' running without any HTTP authentication checking
2015-08-11 21:48:21,776 INFO RPC interface 'supervisor' initialized
2015-08-11 21:48:21,776 CRIT Server 'unix_http_server' running without any HTTP authentication checking
2015-08-11 21:48:21,776 INFO supervisord started with pid 1
2015-08-11 21:48:22,779 INFO spawned: 'php-fpm' with pid 7
2015-08-11 21:48:23,847 INFO success: php-fpm entered RUNNING state, process has stayed up for > than 1 seconds (startsecs)
2015-08-11 21:49:00,042 WARN received SIGTERM indicating exit request
2015-08-11 21:49:00,042 INFO waiting for php-fpm to die
2015-08-11 21:49:00,063 INFO stopped: php-fpm (exit status 0)
2015-08-11 21:51:43,060 CRIT Set uid to user 0
2015-08-11 21:51:43,061 WARN Included extra file "/etc/supervisor/conf.d/php.conf" during parsing
2015-08-11 21:51:43,061 WARN Included extra file "/etc/supervisor/conf.d/supervisord.conf" during parsing
2015-08-11 21:51:43,085 INFO RPC interface 'supervisor' initialized
2015-08-11 21:51:43,086 CRIT Server 'inet_http_server' running without any HTTP authentication checking
2015-08-11 21:51:43,086 INFO RPC interface 'supervisor' initialized
2015-08-11 21:51:43,086 CRIT Server 'unix_http_server' running without any HTTP authentication checking
2015-08-11 21:51:43,086 INFO supervisord started with pid 1
2015-08-11 21:51:44,090 INFO spawned: 'php-fpm' with pid 7
2015-08-11 21:51:45,149 INFO success: php-fpm entered RUNNING state, process has stayed up for > than 1 seconds (startsecs)
2015-08-11 21:52:06,665 WARN received SIGTERM indicating exit request
2015-08-11 21:52:06,665 INFO waiting for php-fpm to die
2015-08-11 21:52:06,688 INFO stopped: php-fpm (exit status 0)
2015-08-11 21:52:20,861 CRIT Set uid to user 0
2015-08-11 21:52:20,861 WARN Included extra file "/etc/supervisor/conf.d/php.conf" during parsing
2015-08-11 21:52:20,861 WARN Included extra file "/etc/supervisor/conf.d/supervisord.conf" during parsing
2015-08-11 21:52:20,886 INFO RPC interface 'supervisor' initialized
2015-08-11 21:52:20,886 CRIT Server 'inet_http_server' running without any HTTP authentication checking
2015-08-11 21:52:20,886 INFO RPC interface 'supervisor' initialized
2015-08-11 21:52:20,886 CRIT Server 'unix_http_server' running without any HTTP authentication checking
2015-08-11 21:52:20,886 INFO supervisord started with pid 1
2015-08-11 21:52:21,889 INFO spawned: 'php-fpm' with pid 7
2015-08-11 21:52:22,939 INFO success: php-fpm entered RUNNING state, process has stayed up for > than 1 seconds (startsecs)
2015-08-11 21:52:47,803 WARN received SIGTERM indicating exit request
2015-08-11 21:52:47,804 INFO waiting for php-fpm to die
2015-08-11 21:52:47,820 INFO stopped: php-fpm (exit status 0)
2015-08-11 21:53:35,489 CRIT Set uid to user 0
2015-08-11 21:53:35,489 WARN Included extra file "/etc/supervisor/conf.d/php.conf" during parsing
2015-08-11 21:53:35,489 WARN Included extra file "/etc/supervisor/conf.d/supervisord.conf" during parsing
2015-08-11 21:53:35,512 INFO RPC interface 'supervisor' initialized
2015-08-11 21:53:35,512 CRIT Server 'inet_http_server' running without any HTTP authentication checking
2015-08-11 21:53:35,513 INFO RPC interface 'supervisor' initialized
2015-08-11 21:53:35,513 CRIT Server 'unix_http_server' running without any HTTP authentication checking
2015-08-11 21:53:35,513 INFO supervisord started with pid 1
2015-08-11 21:53:36,517 INFO spawned: 'php-fpm' with pid 7
2015-08-11 21:53:37,579 INFO success: php-fpm entered RUNNING state, process has stayed up for > than 1 seconds (startsecs)
2015-08-11 21:55:16,901 WARN received SIGTERM indicating exit request
2015-08-11 21:55:16,902 INFO waiting for php-fpm to die
2015-08-11 21:55:16,924 INFO stopped: php-fpm (exit status 0)
2015-08-11 21:55:23,968 CRIT Set uid to user 0
2015-08-11 21:55:23,968 WARN Included extra file "/etc/supervisor/conf.d/php.conf" during parsing
2015-08-11 21:55:23,968 WARN Included extra file "/etc/supervisor/conf.d/supervisord.conf" during parsing
2015-08-11 21:55:23,991 INFO RPC interface 'supervisor' initialized
2015-08-11 21:55:23,991 CRIT Server 'inet_http_server' running without any HTTP authentication checking
2015-08-11 21:55:23,992 INFO RPC interface 'supervisor' initialized
2015-08-11 21:55:23,992 CRIT Server 'unix_http_server' running without any HTTP authentication checking
2015-08-11 21:55:23,992 INFO supervisord started with pid 1
2015-08-11 21:55:24,995 INFO spawned: 'php-fpm' with pid 7
2015-08-11 21:55:26,054 INFO success: php-fpm entered RUNNING state, process has stayed up for > than 1 seconds (startsecs)
2015-08-11 21:59:57,040 WARN received SIGTERM indicating exit request
2015-08-11 21:59:57,041 INFO waiting for php-fpm to die
2015-08-11 21:59:57,059 INFO stopped: php-fpm (exit status 0)
2015-08-11 22:00:15,511 CRIT Set uid to user 0
2015-08-11 22:00:15,511 WARN Included extra file "/etc/supervisor/conf.d/php.conf" during parsing
2015-08-11 22:00:15,511 WARN Included extra file "/etc/supervisor/conf.d/supervisord.conf" during parsing
2015-08-11 22:00:15,536 INFO RPC interface 'supervisor' initialized
2015-08-11 22:00:15,536 CRIT Server 'inet_http_server' running without any HTTP authentication checking
2015-08-11 22:00:15,537 INFO RPC interface 'supervisor' initialized
2015-08-11 22:00:15,537 CRIT Server 'unix_http_server' running without any HTTP authentication checking
2015-08-11 22:00:15,537 INFO supervisord started with pid 1
2015-08-11 22:00:16,541 INFO spawned: 'php-fpm' with pid 7
2015-08-11 22:00:17,598 INFO success: php-fpm entered RUNNING state, process has stayed up for > than 1 seconds (startsecs)
2015-08-11 22:16:06,090 WARN received SIGTERM indicating exit request
2015-08-11 22:16:06,090 INFO waiting for php-fpm to die
2015-08-11 22:16:06,115 INFO stopped: php-fpm (exit status 0)
2015-08-12 11:53:43,079 CRIT Set uid to user 0
2015-08-12 11:53:43,081 WARN Included extra file "/etc/supervisor/conf.d/php.conf" during parsing
2015-08-12 11:53:43,081 WARN Included extra file "/etc/supervisor/conf.d/supervisord.conf" during parsing
2015-08-12 11:53:43,136 INFO RPC interface 'supervisor' initialized
2015-08-12 11:53:43,136 CRIT Server 'inet_http_server' running without any HTTP authentication checking
2015-08-12 11:53:43,136 INFO RPC interface 'supervisor' initialized
2015-08-12 11:53:43,136 CRIT Server 'unix_http_server' running without any HTTP authentication checking
2015-08-12 11:53:43,136 INFO supervisord started with pid 1
2015-08-12 11:53:44,142 INFO spawned: 'php-fpm' with pid 7
2015-08-12 11:53:45,362 INFO success: php-fpm entered RUNNING state, process has stayed up for > than 1 seconds (startsecs)
2015-08-12 12:37:07,278 WARN received SIGTERM indicating exit request
2015-08-12 12:37:07,279 INFO waiting for php-fpm to die
2015-08-12 12:37:07,312 INFO stopped: php-fpm (exit status 0)
2015-11-06 12:48:32,505 CRIT Set uid to user 0
2015-11-06 12:48:32,505 WARN Included extra file "/etc/supervisor/conf.d/php.conf" during parsing
2015-11-06 12:48:32,505 WARN Included extra file "/etc/supervisor/conf.d/supervisord.conf" during parsing
2015-11-06 12:48:32,538 INFO RPC interface 'supervisor' initialized
2015-11-06 12:48:32,538 CRIT Server 'inet_http_server' running without any HTTP authentication checking
2015-11-06 12:48:32,538 INFO RPC interface 'supervisor' initialized
2015-11-06 12:48:32,538 CRIT Server 'unix_http_server' running without any HTTP authentication checking
2015-11-06 12:48:32,538 INFO supervisord started with pid 1
2015-11-06 12:48:33,540 INFO spawned: 'php-fpm' with pid 7
2015-11-06 12:48:34,685 INFO success: php-fpm entered RUNNING state, process has stayed up for > than 1 seconds (startsecs)
2015-11-06 12:49:37,726 WARN received SIGTERM indicating exit request
2015-11-06 12:49:37,726 INFO waiting for php-fpm to die
2015-11-06 12:49:37,744 INFO stopped: php-fpm (exit status 0)
2015-11-06 12:49:57,321 CRIT Set uid to user 0
2015-11-06 12:49:57,321 WARN Included extra file "/etc/supervisor/conf.d/php.conf" during parsing
2015-11-06 12:49:57,321 WARN Included extra file "/etc/supervisor/conf.d/supervisord.conf" during parsing
2015-11-06 12:49:57,345 INFO RPC interface 'supervisor' initialized
2015-11-06 12:49:57,345 CRIT Server 'inet_http_server' running without any HTTP authentication checking
2015-11-06 12:49:57,345 INFO RPC interface 'supervisor' initialized
2015-11-06 12:49:57,345 CRIT Server 'unix_http_server' running without any HTTP authentication checking
2015-11-06 12:49:57,345 INFO supervisord started with pid 1
2015-11-06 12:49:58,347 INFO spawned: 'php-fpm' with pid 7
2015-11-06 12:49:59,391 INFO success: php-fpm entered RUNNING state, process has stayed up for > than 1 seconds (startsecs)
2015-11-06 12:52:01,223 WARN received SIGTERM indicating exit request
2015-11-06 12:52:01,223 INFO waiting for php-fpm to die
2015-11-06 12:52:01,237 INFO stopped: php-fpm (exit status 0)
2015-11-06 12:52:17,170 CRIT Set uid to user 0
2015-11-06 12:52:17,170 WARN Included extra file "/etc/supervisor/conf.d/php.conf" during parsing
2015-11-06 12:52:17,170 WARN Included extra file "/etc/supervisor/conf.d/supervisord.conf" during parsing
2015-11-06 12:52:17,188 INFO RPC interface 'supervisor' initialized
2015-11-06 12:52:17,188 CRIT Server 'inet_http_server' running without any HTTP authentication checking
2015-11-06 12:52:17,189 INFO RPC interface 'supervisor' initialized
2015-11-06 12:52:17,189 CRIT Server 'unix_http_server' running without any HTTP authentication checking
2015-11-06 12:52:17,189 INFO supervisord started with pid 1
2015-11-06 12:52:18,191 INFO spawned: 'php-fpm' with pid 7
2015-11-06 12:52:19,238 INFO success: php-fpm entered RUNNING state, process has stayed up for > than 1 seconds (startsecs)
2015-11-06 12:58:34,774 WARN received SIGTERM indicating exit request
2015-11-06 12:58:34,774 INFO waiting for php-fpm to die
2015-11-06 12:58:34,788 INFO stopped: php-fpm (exit status 0)
2015-11-06 12:59:07,380 CRIT Set uid to user 0
2015-11-06 12:59:07,380 WARN Included extra file "/etc/supervisor/conf.d/php.conf" during parsing
2015-11-06 12:59:07,380 WARN Included extra file "/etc/supervisor/conf.d/supervisord.conf" during parsing
2015-11-06 12:59:07,401 INFO RPC interface 'supervisor' initialized
2015-11-06 12:59:07,401 CRIT Server 'inet_http_server' running without any HTTP authentication checking
2015-11-06 12:59:07,401 INFO RPC interface 'supervisor' initialized
2015-11-06 12:59:07,401 CRIT Server 'unix_http_server' running without any HTTP authentication checking
2015-11-06 12:59:07,401 INFO supervisord started with pid 1
2015-11-06 12:59:08,402 INFO spawned: 'php-fpm' with pid 8
2015-11-06 12:59:09,442 INFO success: php-fpm entered RUNNING state, process has stayed up for > than 1 seconds (startsecs)
2015-11-06 13:02:35,038 WARN received SIGTERM indicating exit request
2015-11-06 13:02:35,038 INFO waiting for php-fpm to die
2015-11-06 13:02:35,056 INFO stopped: php-fpm (exit status 0)
2015-11-06 13:05:11,061 CRIT Set uid to user 0
2015-11-06 13:05:11,061 WARN Included extra file "/etc/supervisor/conf.d/php.conf" during parsing
2015-11-06 13:05:11,061 WARN Included extra file "/etc/supervisor/conf.d/supervisord.conf" during parsing
2015-11-06 13:05:11,078 INFO RPC interface 'supervisor' initialized
2015-11-06 13:05:11,078 CRIT Server 'inet_http_server' running without any HTTP authentication checking
2015-11-06 13:05:11,078 INFO RPC interface 'supervisor' initialized
2015-11-06 13:05:11,078 CRIT Server 'unix_http_server' running without any HTTP authentication checking
2015-11-06 13:05:11,079 INFO supervisord started with pid 1
2015-11-06 13:05:12,080 INFO spawned: 'php-fpm' with pid 7
2015-11-06 13:05:13,119 INFO success: php-fpm entered RUNNING state, process has stayed up for > than 1 seconds (startsecs)
2015-11-06 13:15:00,931 WARN received SIGTERM indicating exit request
2015-11-06 13:15:00,931 INFO waiting for php-fpm to die
2015-11-06 13:15:00,949 INFO stopped: php-fpm (exit status 0)
2015-11-06 13:15:42,364 CRIT Set uid to user 0
2015-11-06 13:15:42,364 WARN Included extra file "/etc/supervisor/conf.d/php.conf" during parsing
2015-11-06 13:15:42,364 WARN Included extra file "/etc/supervisor/conf.d/supervisord.conf" during parsing
2015-11-06 13:15:42,389 INFO RPC interface 'supervisor' initialized
2015-11-06 13:15:42,389 CRIT Server 'inet_http_server' running without any HTTP authentication checking
2015-11-06 13:15:42,389 INFO RPC interface 'supervisor' initialized
2015-11-06 13:15:42,389 CRIT Server 'unix_http_server' running without any HTTP authentication checking
2015-11-06 13:15:42,389 INFO supervisord started with pid 1
2015-11-06 13:15:43,391 INFO spawned: 'php-fpm' with pid 7
2015-11-06 13:15:44,433 INFO success: php-fpm entered RUNNING state, process has stayed up for > than 1 seconds (startsecs)
2015-11-06 13:17:50,430 WARN received SIGTERM indicating exit request
2015-11-06 13:17:50,430 INFO waiting for php-fpm to die
2015-11-06 13:17:50,446 INFO stopped: php-fpm (exit status 0)
2015-11-06 13:17:51,223 CRIT Set uid to user 0
2015-11-06 13:17:51,223 WARN Included extra file "/etc/supervisor/conf.d/php.conf" during parsing
2015-11-06 13:17:51,223 WARN Included extra file "/etc/supervisor/conf.d/supervisord.conf" during parsing
2015-11-06 13:17:51,245 INFO RPC interface 'supervisor' initialized
2015-11-06 13:17:51,245 CRIT Server 'inet_http_server' running without any HTTP authentication checking
2015-11-06 13:17:51,245 INFO RPC interface 'supervisor' initialized
2015-11-06 13:17:51,246 CRIT Server 'unix_http_server' running without any HTTP authentication checking
2015-11-06 13:17:51,246 INFO supervisord started with pid 1
2015-11-06 13:17:52,249 INFO spawned: 'php-fpm' with pid 8
2015-11-06 13:17:53,298 INFO success: php-fpm entered RUNNING state, process has stayed up for > than 1 seconds (startsecs)
2015-11-06 14:04:02,927 WARN received SIGTERM indicating exit request
2015-11-06 14:04:02,927 INFO waiting for php-fpm to die
2015-11-06 14:04:02,940 INFO stopped: php-fpm (exit status 0)
2015-11-06 14:04:03,720 CRIT Set uid to user 0
2015-11-06 14:04:03,720 WARN Included extra file "/etc/supervisor/conf.d/php.conf" during parsing
2015-11-06 14:04:03,720 WARN Included extra file "/etc/supervisor/conf.d/supervisord.conf" during parsing
2015-11-06 14:04:03,742 INFO RPC interface 'supervisor' initialized
2015-11-06 14:04:03,742 CRIT Server 'inet_http_server' running without any HTTP authentication checking
2015-11-06 14:04:03,742 INFO RPC interface 'supervisor' initialized
2015-11-06 14:04:03,742 CRIT Server 'unix_http_server' running without any HTTP authentication checking
2015-11-06 14:04:03,743 INFO supervisord started with pid 1
2015-11-06 14:04:04,746 INFO spawned: 'php-fpm' with pid 8
2015-11-06 14:04:05,795 INFO success: php-fpm entered RUNNING state, process has stayed up for > than 1 seconds (startsecs)
2015-11-06 14:45:41,216 WARN received SIGTERM indicating exit request
2015-11-06 14:45:41,217 INFO waiting for php-fpm to die
2015-11-06 14:45:41,235 INFO stopped: php-fpm (exit status 0)
2015-11-06 14:46:39,378 CRIT Set uid to user 0
2015-11-06 14:46:39,378 WARN Included extra file "/etc/supervisor/conf.d/php.conf" during parsing
2015-11-06 14:46:39,378 WARN Included extra file "/etc/supervisor/conf.d/supervisord.conf" during parsing
2015-11-06 14:46:39,398 INFO RPC interface 'supervisor' initialized
2015-11-06 14:46:39,398 CRIT Server 'inet_http_server' running without any HTTP authentication checking
2015-11-06 14:46:39,399 INFO RPC interface 'supervisor' initialized
2015-11-06 14:46:39,399 CRIT Server 'unix_http_server' running without any HTTP authentication checking
2015-11-06 14:46:39,399 INFO supervisord started with pid 1
2015-11-06 14:46:40,401 INFO spawned: 'php-fpm' with pid 8
2015-11-06 14:46:41,449 INFO success: php-fpm entered RUNNING state, process has stayed up for > than 1 seconds (startsecs)
2015-11-06 15:37:46,158 WARN received SIGTERM indicating exit request
2015-11-06 15:37:46,159 INFO waiting for php-fpm to die
2015-11-06 15:37:46,179 INFO stopped: php-fpm (exit status 0)
2015-11-06 15:38:24,352 CRIT Set uid to user 0
2015-11-06 15:38:24,352 WARN Included extra file "/etc/supervisor/conf.d/php.conf" during parsing
2015-11-06 15:38:24,352 WARN Included extra file "/etc/supervisor/conf.d/supervisord.conf" during parsing
2015-11-06 15:38:24,373 INFO RPC interface 'supervisor' initialized
2015-11-06 15:38:24,374 CRIT Server 'inet_http_server' running without any HTTP authentication checking
2015-11-06 15:38:24,374 INFO RPC interface 'supervisor' initialized
2015-11-06 15:38:24,374 CRIT Server 'unix_http_server' running without any HTTP authentication checking
2015-11-06 15:38:24,374 INFO supervisord started with pid 1
2015-11-06 15:38:25,377 INFO spawned: 'php-fpm' with pid 7
2015-11-06 15:38:26,429 INFO success: php-fpm entered RUNNING state, process has stayed up for > than 1 seconds (startsecs)
2015-11-06 16:00:21,613 CRIT reaped unknown pid 333)
2015-11-06 16:00:21,613 CRIT reaped unknown pid 334)
2015-11-06 16:00:24,710 CRIT reaped unknown pid 346)
2015-11-06 16:01:23,067 CRIT reaped unknown pid 383)
2015-11-06 16:01:32,201 CRIT reaped unknown pid 415)
2015-11-06 16:16:58,083 WARN received SIGTERM indicating exit request
2015-11-06 16:16:58,084 INFO waiting for php-fpm to die
2015-11-06 16:16:58,107 INFO stopped: php-fpm (exit status 0)
2015-11-06 16:18:45,807 CRIT Set uid to user 0
2015-11-06 16:18:45,807 WARN Included extra file "/etc/supervisor/conf.d/php.conf" during parsing
2015-11-06 16:18:45,807 WARN Included extra file "/etc/supervisor/conf.d/supervisord.conf" during parsing
2015-11-06 16:18:45,826 INFO RPC interface 'supervisor' initialized
2015-11-06 16:18:45,826 CRIT Server 'inet_http_server' running without any HTTP authentication checking
2015-11-06 16:18:45,826 INFO RPC interface 'supervisor' initialized
2015-11-06 16:18:45,827 CRIT Server 'unix_http_server' running without any HTTP authentication checking
2015-11-06 16:18:45,827 INFO supervisord started with pid 1
2015-11-06 16:18:46,828 INFO spawned: 'php-fpm' with pid 7
2015-11-06 16:18:47,879 INFO success: php-fpm entered RUNNING state, process has stayed up for > than 1 seconds (startsecs)
2015-11-06 16:19:52,974 WARN received SIGTERM indicating exit request
2015-11-06 16:19:52,974 INFO waiting for php-fpm to die
2015-11-06 16:19:52,991 INFO stopped: php-fpm (exit status 0)
2015-11-06 16:20:08,026 CRIT Set uid to user 0
2015-11-06 16:20:08,027 WARN Included extra file "/etc/supervisor/conf.d/php.conf" during parsing
2015-11-06 16:20:08,027 WARN Included extra file "/etc/supervisor/conf.d/supervisord.conf" during parsing
2015-11-06 16:20:08,057 INFO RPC interface 'supervisor' initialized
2015-11-06 16:20:08,057 CRIT Server 'inet_http_server' running without any HTTP authentication checking
2015-11-06 16:20:08,058 INFO RPC interface 'supervisor' initialized
2015-11-06 16:20:08,058 CRIT Server 'unix_http_server' running without any HTTP authentication checking
2015-11-06 16:20:08,058 INFO supervisord started with pid 1
2015-11-06 16:20:09,059 INFO spawned: 'php-fpm' with pid 8
2015-11-06 16:20:10,105 INFO success: php-fpm entered RUNNING state, process has stayed up for > than 1 seconds (startsecs)
2015-11-06 16:24:27,089 WARN received SIGTERM indicating exit request
2015-11-06 16:24:27,089 INFO waiting for php-fpm to die
2015-11-06 16:24:27,106 INFO stopped: php-fpm (exit status 0)
2015-11-06 16:24:49,339 CRIT Set uid to user 0
2015-11-06 16:24:49,339 WARN Included extra file "/etc/supervisor/conf.d/php.conf" during parsing
2015-11-06 16:24:49,339 WARN Included extra file "/etc/supervisor/conf.d/supervisord.conf" during parsing
2015-11-06 16:24:49,358 INFO RPC interface 'supervisor' initialized
2015-11-06 16:24:49,358 CRIT Server 'inet_http_server' running without any HTTP authentication checking
2015-11-06 16:24:49,358 INFO RPC interface 'supervisor' initialized
2015-11-06 16:24:49,358 CRIT Server 'unix_http_server' running without any HTTP authentication checking
2015-11-06 16:24:49,359 INFO supervisord started with pid 1
2015-11-06 16:24:50,361 INFO spawned: 'php-fpm' with pid 8
2015-11-06 16:24:51,416 INFO success: php-fpm entered RUNNING state, process has stayed up for > than 1 seconds (startsecs)
2015-11-06 16:25:16,309 WARN received SIGTERM indicating exit request
2015-11-06 16:25:16,309 INFO waiting for php-fpm to die
2015-11-06 16:25:16,327 INFO stopped: php-fpm (exit status 0)
2015-11-06 16:25:38,600 CRIT Set uid to user 0
2015-11-06 16:25:38,600 WARN Included extra file "/etc/supervisor/conf.d/php.conf" during parsing
2015-11-06 16:25:38,600 WARN Included extra file "/etc/supervisor/conf.d/supervisord.conf" during parsing
2015-11-06 16:25:38,617 INFO RPC interface 'supervisor' initialized
2015-11-06 16:25:38,617 CRIT Server 'inet_http_server' running without any HTTP authentication checking
2015-11-06 16:25:38,618 INFO RPC interface 'supervisor' initialized
2015-11-06 16:25:38,618 CRIT Server 'unix_http_server' running without any HTTP authentication checking
2015-11-06 16:25:38,618 INFO supervisord started with pid 1
2015-11-06 16:25:39,620 INFO spawned: 'php-fpm' with pid 7
2015-11-06 16:25:40,660 INFO success: php-fpm entered RUNNING state, process has stayed up for > than 1 seconds (startsecs)
